{
  "stats": {
    "suites": 1,
    "tests": 2,
    "passes": 2,
    "pending": 0,
    "failures": 0,
    "start": "2025-10-24T00:14:58.114Z",
    "end": "2025-10-24T00:15:01.241Z",
    "duration": 3127,
    "testsRegistered": 2,
    "passPercent": 100,
    "pendingPercent": 0,
    "other": 0,
    "hasOther": false,
    "skipped": 0,
    "hasSkipped": false
  },
  "results": [
    {
      "uuid": "694f6cc3-11c5-4344-9679-1752f0ee0bf5",
      "title": "",
      "fullFile": "cypress/e2e/transfer.cy.js",
      "file": "cypress/e2e/transfer.cy.js",
      "beforeHooks": [],
      "afterHooks": [],
      "tests": [],
      "suites": [
        {
          "uuid": "e992d41b-283f-42d8-9f1a-25fd5ce2213b",
          "title": "Transfers",
          "fullFile": "",
          "file": "",
          "beforeHooks": [],
          "afterHooks": [],
          "tests": [
            {
              "title": "Should transfer when inform valid data and value",
              "fullTitle": "Transfers Should transfer when inform valid data and value",
              "timedOut": null,
              "duration": 1651,
              "state": "passed",
              "speed": "fast",
              "pass": true,
              "fail": false,
              "pending": false,
              "context": null,
              "code": "//act\ncy.transfer('Maria', 'João', '11');\n//assert\ncy.verifyToastMessage('Transferência realizada!');",
              "err": {},
              "uuid": "e11abd60-05d7-43c2-90c2-e4c414a9b168",
              "parentUUID": "e992d41b-283f-42d8-9f1a-25fd5ce2213b",
              "isHook": false,
              "skipped": false
            },
            {
              "title": "Should shows error when transfer more than 5.000 without token",
              "fullTitle": "Transfers Should shows error when transfer more than 5.000 without token",
              "timedOut": null,
              "duration": 1408,
              "state": "passed",
              "speed": "fast",
              "pass": true,
              "fail": false,
              "pending": false,
              "context": null,
              "code": "//act\ncy.transfer('Maria', 'João', '5000.01');\n//assert\ncy.verifyToastMessage('Autenticação necessária para transferências acima de R$5.000,00.');",
              "err": {},
              "uuid": "4cd1fbe9-af47-438d-8ee7-c6e33f86d77b",
              "parentUUID": "e992d41b-283f-42d8-9f1a-25fd5ce2213b",
              "isHook": false,
              "skipped": false
            }
          ],
          "suites": [],
          "passes": [
            "e11abd60-05d7-43c2-90c2-e4c414a9b168",
            "4cd1fbe9-af47-438d-8ee7-c6e33f86d77b"
          ],
          "failures": [],
          "pending": [],
          "skipped": [],
          "duration": 3059,
          "root": false,
          "rootEmpty": false,
          "_timeout": 2000
        }
      ],
      "passes": [],
      "failures": [],
      "pending": [],
      "skipped": [],
      "duration": 0,
      "root": true,
      "rootEmpty": true,
      "_timeout": 2000
    }
  ],
  "meta": {
    "mocha": {
      "version": "7.2.0"
    },
    "mochawesome": {
      "options": {
        "quiet": false,
        "reportFilename": "mochawesome",
        "saveHtml": false,
        "saveJson": true,
        "consoleReporter": "spec",
        "useInlineDiffs": false,
        "code": true
      },
      "version": "7.1.4"
    },
    "marge": {
      "options": {
        "overwrite": false,
        "html": false,
        "json": true,
        "reportDir": "cypress/reports/html/.jsons"
      },
      "version": "6.3.0"
    }
  }
}